<?xml version="1.0" encoding="UTF-8"?>
<testng-results ignored="0" total="1" passed="1" failed="0" skipped="0">
  <reporter-output>
  </reporter-output>
  <suite started-at="2023-04-14T01:12:40 IST" name="Suite" finished-at="2023-04-14T01:12:49 IST" duration-ms="9209">
    <groups>
    </groups>
    <test started-at="2023-04-14T01:12:40 IST" name="Test" finished-at="2023-04-14T01:12:49 IST" duration-ms="9209">
      <class name="test.RunTest">
        <test-method is-config="true" signature="lunchApp()[pri:0, instance:test.RunTest@790da477]" started-at="2023-04-14T01:12:40 IST" name="lunchApp" finished-at="2023-04-14T01:12:47 IST" duration-ms="7044" status="PASS">
          <reporter-output>
          </reporter-output>
        </test-method> <!-- lunchApp -->
        <test-method signature="run()[pri:0, instance:test.RunTest@790da477]" started-at="2023-04-14T01:12:47 IST" name="run" finished-at="2023-04-14T01:12:48 IST" duration-ms="1636" status="PASS">
          <reporter-output>
          </reporter-output>
        </test-method> <!-- run -->
        <test-method is-config="true" signature="tearDown()[pri:0, instance:test.RunTest@790da477]" started-at="2023-04-14T01:12:48 IST" name="tearDown" finished-at="2023-04-14T01:12:49 IST" duration-ms="450" status="PASS">
          <reporter-output>
          </reporter-output>
        </test-method> <!-- tearDown -->
      </class> <!-- test.RunTest -->
    </test> <!-- Test -->
  </suite> <!-- Suite -->
</testng-results>
